The value is: 8462696833
The divisor is: 839
The list size is: 146
The last value is: 839
================================
The value is: 716151937
The divisor is: 71
The list size is: 146
The last value is: 839
================================
The value is: 408464633
The divisor is: 71
The list size is: 146
The last value is: 839
================================
The value is: 87625999
The divisor is: 71
The list size is: 146
The last value is: 839
================================
The value is: 10086647
The divisor is: 1471
The list size is: 233
The last value is: 1471
================================
The value is: 5753023
The divisor is: 839
The list size is: 233
The last value is: 1471
================================
The value is: 1234169
The divisor is: 839
The list size is: 233
The last value is: 1471
================================
The value is: 486847
The divisor is: 71
The list size is: 233
The last value is: 1471
================================
The value is: 104441
The divisor is: 71
The list size is: 233
The last value is: 1471
================================
The value is: 59569
The divisor is: 71
The list size is: 233
The last value is: 1471
================================
Divide by: 87625999
THE ANSWER IS: 6857
